##########################################
APP: Forge v.2.0.07-SNAPSHOT-09.25
DEV: Gigabyte Technology Co., Ltd. - B760M AORUS ELITE AX (version: Default string)
CPU: 12th Gen Intel(R) Core(TM) i7-12700KF
RAM: 31922 MB
OS: GNU/Linux Ubuntu 23.10 (Mantic Minotaur) build 6.5.0-44-generic x64
##########################################
Skin not found. Defaulting to fallback_skin.
(ThreadUtil first call): Running on a machine with 20 cpu core(s)
Language 'en-US' loaded successfully.
Read cards: 31388 archived files in 0 ms (25 parts) using thread pool
Upcoming set Lorwyn Eclipsed (ECL) dated in the future. All `upcoming` cards will be added to this set with unknown rarity.
The card A-Baba Lysaga, Night Witch was not assigned to any set. Adding it to UNKNOWN set... to fix see res/editions/ folder. 
The card A-Divide by Zero was not assigned to any set. Adding it to UNKNOWN set... to fix see res/editions/ folder. 
The card A-Esika's Chariot was not assigned to any set. Adding it to UNKNOWN set... to fix see res/editions/ folder. 
The card A-Faceless Haven was not assigned to any set. Adding it to UNKNOWN set... to fix see res/editions/ folder. 
The card A-Goldspan Dragon was not assigned to any set. Adding it to UNKNOWN set... to fix see res/editions/ folder. 
The card A-Hullbreaker Horror was not assigned to any set. Adding it to UNKNOWN set... to fix see res/editions/ folder. 
The card A-Kumano Faces Kakkazan was not assigned to any set. Adding it to UNKNOWN set... to fix see res/editions/ folder. 
The card A-Luminarch Aspirant was not assigned to any set. Adding it to UNKNOWN set... to fix see res/editions/ folder. 
The card A-Monster Manual was not assigned to any set. Adding it to UNKNOWN set... to fix see res/editions/ folder. 
The card Blinding Radiance was not assigned to any set. Adding it to UNKNOWN set... to fix see res/editions/ folder. 
The card Goblin Bruiser was not assigned to any set. Adding it to UNKNOWN set... to fix see res/editions/ folder. 
The card Ogre Painbringer was not assigned to any set. Adding it to UNKNOWN set... to fix see res/editions/ folder. 
The card Titanic Pelagosaur was not assigned to any set. Adding it to UNKNOWN set... to fix see res/editions/ folder. 
The card Treetop Recluse was not assigned to any set. Adding it to UNKNOWN set... to fix see res/editions/ folder. 
Upcoming set Lorwyn Eclipsed (ECL) dated in the future. All `upcoming` cards will be added to this set with unknown rarity.
Read cards: 765 files in 0 ms (7 parts) using thread pool
Looking for resource ui/transition.png... Found!
Looking for resource ui/title_bg.png... Found!
Looking for resource ui/vs.png... Found!
Looking for resource skin/cursor0.png... Found!
[Controllers] added manager for application, 1 managers active
Looking for resource ui/spellsmith.json... Found!
Looking for resource ui/spellsmith.png... Found!
Looking for resource skin/ui_skin.json... Found!
Looking for resource sprites/items.atlas... Found!
Looking for resource sprites/pixelmana.atlas... Found!
Looking for resource skin/keys.atlas... Found!
Looking for resource maps/tileset/compass.atlas... Found!
Looking for resource ui/hud.json... Found!
Looking for resource ui/hud_portrait.png... Found!
Looking for resource ui/minimap.png... Found!
Looking for resource ui/blank.png... Found!
Looking for resource ui/avatarhud.png... Found!
Looking for resource ui/minimap_player.png... Found!
Looking for resource ui/start_menu.json... Found!
Looking for resource world/world.json... Found!
Looking for resource world/biomes/base.json... Found!
Looking for resource world/biomes/colorless.json... Found!
Looking for resource world/biomes/white.json... Found!
Looking for resource world/biomes/blue.json... Found!
Looking for resource world/biomes/black.json... Found!
Looking for resource world/biomes/red.json... Found!
Looking for resource world/biomes/green.json... Found!
Looking for resource world/tilesets/terrain.atlas... Found!
Looking for resource world/structures/colorless_structures.atlas... Found!
Looking for resource world/structures/white_structures.atlas... Found!
Looking for resource world/structures/blue_structures.atlas... Found!
Looking for resource world/structures/black_structures.atlas... Found!
Looking for resource world/structures/red_structures.atlas... Found!
Looking for resource world/structures/green_structures.atlas... Found!
Looking for resource world/points_of_interest.json... Found!
Looking for resource ../common/maps/tileset/buildings.atlas... Found!
Looking for resource ../common/maps/tileset/buildingsbosses.atlas... Found!
Looking for resource ../common/maps/tileset/phyrexia/Phyrexian_Buildings.atlas... Found!
Looking for resource maps/tileset/buildings.atlas... Found!
Looking for resource world/enemies.json... Found!
Looking for resource sprites/enemy/undead/skeleton_2.atlas... Found!
Looking for resource sprites/enemy/aberration/eye.atlas... Found!
Looking for resource world/heroes.json... Found!
Looking for resource sprites/heroes/avatar.atlas... Found!
Looking for resource sprites/heroes/phyrexian_u.atlas... Found!
Looking for resource ui/map.json... Found!
Looking for resource world/sprites/map_sprites.json... Found!
Looking for resource world/sprites/map_sprites.atlas... Found!
Looking for resource world/quests.json... Found!
Looking for resource sprites/enemy/humanoid/human/knight/death_knight_2.atlas... Found!
Looking for resource ui/save_load.json... Found!
Looking for resource sprites/gold.atlas... Found!
Looking for resource sprites/enemy/humanoid/human/warlock/witchlarge.atlas... Found!
Looking for resource sprites/enemy/giant/gravetitan.atlas... Found!
Looking for resource sprites/enemy/humanoid/human/wizard/black_wiz3.atlas... Found!
Looking for resource sprites/enemy/fiend/demon_3.atlas... Found!
Looking up ./res/adventure/common/music/castle//./res/adventure/common/music/castle/castle1.mp3
Looking for resource ui/sprite_markers.png... Found!
Loading auxiliary sprites.
Looking for resource particle_effects/sparks.p... Found!
Looking for resource skin/cursor1.png... Found!
Looking for resource decks/standard/witch.dck... Found!
Attempting to fetch: https://api.scryfall.com/cards/mid/94/en?format=image&version=normal&face=front
/home/solomon/.cache/forge/pics/cards/MID/Curse of Leeches1.fullborder.jpg
Saved image to /home/solomon/.cache/forge/pics/cards/MID/Curse of Leeches1.fullborder.jpg
Looking for resource skin/cursor2.png... Found!
Attempting to fetch: https://api.scryfall.com/cards/mid/94/en?format=image&version=normal&face=back
/home/solomon/.cache/forge/pics/cards/MID/Leeching Lurker1.fullborder.jpg
Saved image to /home/solomon/.cache/forge/pics/cards/MID/Leeching Lurker1.fullborder.jpg
Attempting to fetch: https://api.scryfall.com/cards/jmp/18/en?format=image&version=normal
/home/solomon/.cache/forge/pics/cards/JMP/Witch of the Moors.fullborder.jpg
Saved image to /home/solomon/.cache/forge/pics/cards/JMP/Witch of the Moors.fullborder.jpg
Attempting to fetch: https://api.scryfall.com/cards/dmu/89/en?format=image&version=normal
/home/solomon/.cache/forge/pics/cards/DMU/Cut Down1.fullborder.jpg
Saved image to /home/solomon/.cache/forge/pics/cards/DMU/Cut Down1.fullborder.jpg
Active player is no longer in the game...
Looking up ./res/adventure/common/music/castle//./res/adventure/common/music/castle/castle1.mp3
Looking for resource ui/deck_selector.json... Found!
Looking for resource sprites/enemy/fiend/juggler.atlas... Found!
Looking for resource world/shops.json... Found!
Looking for resource world/items.json... Found!
Looking up ./res/adventure/common/music/town//./res/adventure/common/music/town/town7.mp3
Looking for resource particle_effects/heal.p... Found!
Looking for resource decks/standard/death_knight.dck... Found!
Attempting to fetch: https://api.scryfall.com/cards/cst/377/en?format=image&version=normal
/home/solomon/.cache/forge/pics/cards/CST/Swamp3.fullborder.jpg
Saved image to /home/solomon/.cache/forge/pics/cards/CST/Swamp3.fullborder.jpg
Looking for resource particle_effects/blood.p... Found!
Looking for resource ui/items.json... Found!
Looking for resource ui/reward.png... Found!
Looking for resource ui/market.png... Found!
Attempting to fetch: https://api.scryfall.com/cards/dde/9/en?format=image&version=normal
/home/solomon/.cache/forge/pics/cards/DDE/Sanguine Guard.fullborder.jpg
Saved image to /home/solomon/.cache/forge/pics/cards/DDE/Sanguine Guard.fullborder.jpg
Looking for resource sprites/enemy/beast/wildrat.atlas... Found!
Looking up ./res/adventure/common/music/castle//./res/adventure/common/music/castle/castle1.mp3
Attempting to fetch: https://api.scryfall.com/cards/c21/46/en?format=image&version=normal
/home/solomon/.cache/forge/pics/cards/C21/Veinwitch Coven1.fullborder.jpg
Saved image to /home/solomon/.cache/forge/pics/cards/C21/Veinwitch Coven1.fullborder.jpg
Looking up ./res/adventure/common/music/castle//./res/adventure/common/music/castle/castle1.mp3
